2025-04-29 05:15:54,238 [Worker-5: Loading available Gradle versions] INFO  o.e.b.c.i.u.g.PublishedGradleVersions - Gradle version information cache is not available. Remote download required.
2025-04-29 05:20:08,046 [Worker-12: Launching mavenrun-8fb9f2e8-ef88-4f30-8d48-322f011f18c3] INFO  o.eclipse.m2e.core.internal.Bundles - getClasspathEntries(Bundle=org.eclipse.m2e.maven.runtime_3.9.900.20240824-1409 [638])
2025-04-29 05:20:08,057 [Worker-12: Launching mavenrun-8fb9f2e8-ef88-4f30-8d48-322f011f18c3] INFO  o.eclipse.m2e.core.internal.Bundles - 	Entry: C:\Users\sharm\.p2\pool\plugins\org.eclipse.m2e.maven.runtime_3.9.900.20240824-1409
2025-04-29 05:20:08,059 [Worker-12: Launching mavenrun-8fb9f2e8-ef88-4f30-8d48-322f011f18c3] INFO  o.eclipse.m2e.core.internal.Bundles - 	Entry: C:\Users\sharm\.p2\pool\plugins\org.eclipse.m2e.maven.runtime_3.9.900.20240824-1409\jars\aopalliance-1.0.jar
2025-04-29 05:20:08,060 [Worker-12: Launching mavenrun-8fb9f2e8-ef88-4f30-8d48-322f011f18c3] INFO  o.eclipse.m2e.core.internal.Bundles - 	Entry: C:\Users\sharm\.p2\pool\plugins\org.eclipse.m2e.maven.runtime_3.9.900.20240824-1409\jars\guice-5.1.0.jar
2025-04-29 05:20:08,061 [Worker-12: Launching mavenrun-8fb9f2e8-ef88-4f30-8d48-322f011f18c3] INFO  o.eclipse.m2e.core.internal.Bundles - 	Entry: C:\Users\sharm\.p2\pool\plugins\org.eclipse.m2e.maven.runtime_3.9.900.20240824-1409\jars\httpclient-4.5.14.jar
2025-04-29 05:20:08,062 [Worker-12: Launching mavenrun-8fb9f2e8-ef88-4f30-8d48-322f011f18c3] INFO  o.eclipse.m2e.core.internal.Bundles - 	Entry: C:\Users\sharm\.p2\pool\plugins\org.eclipse.m2e.maven.runtime_3.9.900.20240824-1409\jars\httpcore-4.4.16.jar
2025-04-29 05:20:08,062 [Worker-12: Launching mavenrun-8fb9f2e8-ef88-4f30-8d48-322f011f18c3] INFO  o.eclipse.m2e.core.internal.Bundles - 	Entry: C:\Users\sharm\.p2\pool\plugins\org.eclipse.m2e.maven.runtime_3.9.900.20240824-1409\jars\jansi-2.4.1.jar
2025-04-29 05:20:08,063 [Worker-12: Launching mavenrun-8fb9f2e8-ef88-4f30-8d48-322f011f18c3] INFO  o.eclipse.m2e.core.internal.Bundles - 	Entry: C:\Users\sharm\.p2\pool\plugins\org.eclipse.m2e.maven.runtime_3.9.900.20240824-1409\jars\jcl-over-slf4j-1.7.36.jar
2025-04-29 05:20:08,063 [Worker-12: Launching mavenrun-8fb9f2e8-ef88-4f30-8d48-322f011f18c3] INFO  o.eclipse.m2e.core.internal.Bundles - 	Entry: C:\Users\sharm\.p2\pool\plugins\org.eclipse.m2e.maven.runtime_3.9.900.20240824-1409\jars\maven-artifact-3.9.9.jar
2025-04-29 05:20:08,064 [Worker-12: Launching mavenrun-8fb9f2e8-ef88-4f30-8d48-322f011f18c3] INFO  o.eclipse.m2e.core.internal.Bundles - 	Entry: C:\Users\sharm\.p2\pool\plugins\org.eclipse.m2e.maven.runtime_3.9.900.20240824-1409\jars\maven-builder-support-3.9.9.jar
2025-04-29 05:20:08,064 [Worker-12: Launching mavenrun-8fb9f2e8-ef88-4f30-8d48-322f011f18c3] INFO  o.eclipse.m2e.core.internal.Bundles - 	Entry: C:\Users\sharm\.p2\pool\plugins\org.eclipse.m2e.maven.runtime_3.9.900.20240824-1409\jars\maven-compat-3.9.9.jar
2025-04-29 05:20:08,065 [Worker-12: Launching mavenrun-8fb9f2e8-ef88-4f30-8d48-322f011f18c3] INFO  o.eclipse.m2e.core.internal.Bundles - 	Entry: C:\Users\sharm\.p2\pool\plugins\org.eclipse.m2e.maven.runtime_3.9.900.20240824-1409\jars\maven-core-3.9.9.jar
2025-04-29 05:20:08,067 [Worker-12: Launching mavenrun-8fb9f2e8-ef88-4f30-8d48-322f011f18c3] INFO  o.eclipse.m2e.core.internal.Bundles - 	Entry: C:\Users\sharm\.p2\pool\plugins\org.eclipse.m2e.maven.runtime_3.9.900.20240824-1409\jars\maven-embedder-3.9.9.jar
2025-04-29 05:20:08,069 [Worker-12: Launching mavenrun-8fb9f2e8-ef88-4f30-8d48-322f011f18c3] INFO  o.eclipse.m2e.core.internal.Bundles - 	Entry: C:\Users\sharm\.p2\pool\plugins\org.eclipse.m2e.maven.runtime_3.9.900.20240824-1409\jars\maven-model-3.9.9.jar
2025-04-29 05:20:08,071 [Worker-12: Launching mavenrun-8fb9f2e8-ef88-4f30-8d48-322f011f18c3] INFO  o.eclipse.m2e.core.internal.Bundles - 	Entry: C:\Users\sharm\.p2\pool\plugins\org.eclipse.m2e.maven.runtime_3.9.900.20240824-1409\jars\maven-model-builder-3.9.9.jar
2025-04-29 05:20:08,072 [Worker-12: Launching mavenrun-8fb9f2e8-ef88-4f30-8d48-322f011f18c3] INFO  o.eclipse.m2e.core.internal.Bundles - 	Entry: C:\Users\sharm\.p2\pool\plugins\org.eclipse.m2e.maven.runtime_3.9.900.20240824-1409\jars\maven-plugin-api-3.9.9.jar
2025-04-29 05:20:08,075 [Worker-12: Launching mavenrun-8fb9f2e8-ef88-4f30-8d48-322f011f18c3] INFO  o.eclipse.m2e.core.internal.Bundles - 	Entry: C:\Users\sharm\.p2\pool\plugins\org.eclipse.m2e.maven.runtime_3.9.900.20240824-1409\jars\maven-repository-metadata-3.9.9.jar
2025-04-29 05:20:08,076 [Worker-12: Launching mavenrun-8fb9f2e8-ef88-4f30-8d48-322f011f18c3] INFO  o.eclipse.m2e.core.internal.Bundles - 	Entry: C:\Users\sharm\.p2\pool\plugins\org.eclipse.m2e.maven.runtime_3.9.900.20240824-1409\jars\maven-resolver-api-1.9.22.jar
2025-04-29 05:20:08,077 [Worker-12: Launching mavenrun-8fb9f2e8-ef88-4f30-8d48-322f011f18c3] INFO  o.eclipse.m2e.core.internal.Bundles - 	Entry: C:\Users\sharm\.p2\pool\plugins\org.eclipse.m2e.maven.runtime_3.9.900.20240824-1409\jars\maven-resolver-connector-basic-1.9.22.jar
2025-04-29 05:20:08,078 [Worker-12: Launching mavenrun-8fb9f2e8-ef88-4f30-8d48-322f011f18c3] INFO  o.eclipse.m2e.core.internal.Bundles - 	Entry: C:\Users\sharm\.p2\pool\plugins\org.eclipse.m2e.maven.runtime_3.9.900.20240824-1409\jars\maven-resolver-impl-1.9.22.jar
2025-04-29 05:20:08,079 [Worker-12: Launching mavenrun-8fb9f2e8-ef88-4f30-8d48-322f011f18c3] INFO  o.eclipse.m2e.core.internal.Bundles - 	Entry: C:\Users\sharm\.p2\pool\plugins\org.eclipse.m2e.maven.runtime_3.9.900.20240824-1409\jars\maven-resolver-named-locks-1.9.22.jar
2025-04-29 05:20:08,080 [Worker-12: Launching mavenrun-8fb9f2e8-ef88-4f30-8d48-322f011f18c3] INFO  o.eclipse.m2e.core.internal.Bundles - 	Entry: C:\Users\sharm\.p2\pool\plugins\org.eclipse.m2e.maven.runtime_3.9.900.20240824-1409\jars\maven-resolver-provider-3.9.9.jar
2025-04-29 05:20:08,080 [Worker-12: Launching mavenrun-8fb9f2e8-ef88-4f30-8d48-322f011f18c3] INFO  o.eclipse.m2e.core.internal.Bundles - 	Entry: C:\Users\sharm\.p2\pool\plugins\org.eclipse.m2e.maven.runtime_3.9.900.20240824-1409\jars\maven-resolver-spi-1.9.22.jar
2025-04-29 05:20:08,081 [Worker-12: Launching mavenrun-8fb9f2e8-ef88-4f30-8d48-322f011f18c3] INFO  o.eclipse.m2e.core.internal.Bundles - 	Entry: C:\Users\sharm\.p2\pool\plugins\org.eclipse.m2e.maven.runtime_3.9.900.20240824-1409\jars\maven-resolver-transport-file-1.9.22.jar
2025-04-29 05:20:08,081 [Worker-12: Launching mavenrun-8fb9f2e8-ef88-4f30-8d48-322f011f18c3] INFO  o.eclipse.m2e.core.internal.Bundles - 	Entry: C:\Users\sharm\.p2\pool\plugins\org.eclipse.m2e.maven.runtime_3.9.900.20240824-1409\jars\maven-resolver-transport-http-1.9.22.jar
2025-04-29 05:20:08,082 [Worker-12: Launching mavenrun-8fb9f2e8-ef88-4f30-8d48-322f011f18c3] INFO  o.eclipse.m2e.core.internal.Bundles - 	Entry: C:\Users\sharm\.p2\pool\plugins\org.eclipse.m2e.maven.runtime_3.9.900.20240824-1409\jars\maven-resolver-transport-wagon-1.9.22.jar
2025-04-29 05:20:08,082 [Worker-12: Launching mavenrun-8fb9f2e8-ef88-4f30-8d48-322f011f18c3] INFO  o.eclipse.m2e.core.internal.Bundles - 	Entry: C:\Users\sharm\.p2\pool\plugins\org.eclipse.m2e.maven.runtime_3.9.900.20240824-1409\jars\maven-resolver-util-1.9.22.jar
2025-04-29 05:20:08,083 [Worker-12: Launching mavenrun-8fb9f2e8-ef88-4f30-8d48-322f011f18c3] INFO  o.eclipse.m2e.core.internal.Bundles - 	Entry: C:\Users\sharm\.p2\pool\plugins\org.eclipse.m2e.maven.runtime_3.9.900.20240824-1409\jars\maven-settings-3.9.9.jar
2025-04-29 05:20:08,083 [Worker-12: Launching mavenrun-8fb9f2e8-ef88-4f30-8d48-322f011f18c3] INFO  o.eclipse.m2e.core.internal.Bundles - 	Entry: C:\Users\sharm\.p2\pool\plugins\org.eclipse.m2e.maven.runtime_3.9.900.20240824-1409\jars\maven-settings-builder-3.9.9.jar
2025-04-29 05:20:08,084 [Worker-12: Launching mavenrun-8fb9f2e8-ef88-4f30-8d48-322f011f18c3] INFO  o.eclipse.m2e.core.internal.Bundles - 	Entry: C:\Users\sharm\.p2\pool\plugins\org.eclipse.m2e.maven.runtime_3.9.900.20240824-1409\jars\maven-shared-utils-3.4.2.jar
2025-04-29 05:20:08,084 [Worker-12: Launching mavenrun-8fb9f2e8-ef88-4f30-8d48-322f011f18c3] INFO  o.eclipse.m2e.core.internal.Bundles - 	Entry: C:\Users\sharm\.p2\pool\plugins\org.eclipse.m2e.maven.runtime_3.9.900.20240824-1409\jars\org.eclipse.sisu.inject-0.9.0.M3.jar
2025-04-29 05:20:08,085 [Worker-12: Launching mavenrun-8fb9f2e8-ef88-4f30-8d48-322f011f18c3] INFO  o.eclipse.m2e.core.internal.Bundles - 	Entry: C:\Users\sharm\.p2\pool\plugins\org.eclipse.m2e.maven.runtime_3.9.900.20240824-1409\jars\org.eclipse.sisu.plexus-0.9.0.M3.jar
2025-04-29 05:20:08,088 [Worker-12: Launching mavenrun-8fb9f2e8-ef88-4f30-8d48-322f011f18c3] INFO  o.eclipse.m2e.core.internal.Bundles - 	Entry: C:\Users\sharm\.p2\pool\plugins\org.eclipse.m2e.maven.runtime_3.9.900.20240824-1409\jars\plexus-build-api-0.0.7.jar
2025-04-29 05:20:08,092 [Worker-12: Launching mavenrun-8fb9f2e8-ef88-4f30-8d48-322f011f18c3] INFO  o.eclipse.m2e.core.internal.Bundles - 	Entry: C:\Users\sharm\.p2\pool\plugins\org.eclipse.m2e.maven.runtime_3.9.900.20240824-1409\jars\plexus-build-api-1.2.0.jar
2025-04-29 05:20:08,093 [Worker-12: Launching mavenrun-8fb9f2e8-ef88-4f30-8d48-322f011f18c3] INFO  o.eclipse.m2e.core.internal.Bundles - 	Entry: C:\Users\sharm\.p2\pool\plugins\org.eclipse.m2e.maven.runtime_3.9.900.20240824-1409\jars\plexus-cipher-2.0.jar
2025-04-29 05:20:08,093 [Worker-12: Launching mavenrun-8fb9f2e8-ef88-4f30-8d48-322f011f18c3] INFO  o.eclipse.m2e.core.internal.Bundles - 	Entry: C:\Users\sharm\.p2\pool\plugins\org.eclipse.m2e.maven.runtime_3.9.900.20240824-1409\jars\plexus-classworlds-2.8.0.jar
2025-04-29 05:20:08,094 [Worker-12: Launching mavenrun-8fb9f2e8-ef88-4f30-8d48-322f011f18c3] INFO  o.eclipse.m2e.core.internal.Bundles - 	Entry: C:\Users\sharm\.p2\pool\plugins\org.eclipse.m2e.maven.runtime_3.9.900.20240824-1409\jars\plexus-component-annotations-2.1.0.jar
2025-04-29 05:20:08,094 [Worker-12: Launching mavenrun-8fb9f2e8-ef88-4f30-8d48-322f011f18c3] INFO  o.eclipse.m2e.core.internal.Bundles - 	Entry: C:\Users\sharm\.p2\pool\plugins\org.eclipse.m2e.maven.runtime_3.9.900.20240824-1409\jars\plexus-interpolation-1.27.jar
2025-04-29 05:20:08,095 [Worker-12: Launching mavenrun-8fb9f2e8-ef88-4f30-8d48-322f011f18c3] INFO  o.eclipse.m2e.core.internal.Bundles - 	Entry: C:\Users\sharm\.p2\pool\plugins\org.eclipse.m2e.maven.runtime_3.9.900.20240824-1409\jars\plexus-sec-dispatcher-2.0.jar
2025-04-29 05:20:08,096 [Worker-12: Launching mavenrun-8fb9f2e8-ef88-4f30-8d48-322f011f18c3] INFO  o.eclipse.m2e.core.internal.Bundles - 	Entry: C:\Users\sharm\.p2\pool\plugins\org.eclipse.m2e.maven.runtime_3.9.900.20240824-1409\jars\plexus-utils-3.5.1.jar
2025-04-29 05:20:08,096 [Worker-12: Launching mavenrun-8fb9f2e8-ef88-4f30-8d48-322f011f18c3] INFO  o.eclipse.m2e.core.internal.Bundles - 	Entry: C:\Users\sharm\.p2\pool\plugins\org.eclipse.m2e.maven.runtime_3.9.900.20240824-1409\jars\plexus-xml-3.0.1.jar
2025-04-29 05:20:08,097 [Worker-12: Launching mavenrun-8fb9f2e8-ef88-4f30-8d48-322f011f18c3] INFO  o.eclipse.m2e.core.internal.Bundles - 	Entry: C:\Users\sharm\.p2\pool\plugins\org.eclipse.m2e.maven.runtime_3.9.900.20240824-1409\jars\wagon-file-3.5.3.jar
2025-04-29 05:20:08,097 [Worker-12: Launching mavenrun-8fb9f2e8-ef88-4f30-8d48-322f011f18c3] INFO  o.eclipse.m2e.core.internal.Bundles - 	Entry: C:\Users\sharm\.p2\pool\plugins\org.eclipse.m2e.maven.runtime_3.9.900.20240824-1409\jars\wagon-http-3.5.3.jar
2025-04-29 05:20:08,098 [Worker-12: Launching mavenrun-8fb9f2e8-ef88-4f30-8d48-322f011f18c3] INFO  o.eclipse.m2e.core.internal.Bundles - 	Entry: C:\Users\sharm\.p2\pool\plugins\org.eclipse.m2e.maven.runtime_3.9.900.20240824-1409\jars\wagon-http-shared-3.5.3.jar
2025-04-29 05:20:08,098 [Worker-12: Launching mavenrun-8fb9f2e8-ef88-4f30-8d48-322f011f18c3] INFO  o.eclipse.m2e.core.internal.Bundles - 	Entry: C:\Users\sharm\.p2\pool\plugins\org.eclipse.m2e.maven.runtime_3.9.900.20240824-1409\jars\wagon-provider-api-3.5.3.jar
2025-04-29 05:20:08,102 [Worker-12: Launching mavenrun-8fb9f2e8-ef88-4f30-8d48-322f011f18c3] INFO  o.eclipse.m2e.core.internal.Bundles - getClasspathEntries(Bundle=com.google.guava_33.3.1.jre [16])
2025-04-29 05:20:08,104 [Worker-12: Launching mavenrun-8fb9f2e8-ef88-4f30-8d48-322f011f18c3] INFO  o.eclipse.m2e.core.internal.Bundles - 	Entry: C:\Users\sharm\.p2\pool\plugins\com.google.guava_33.3.1.jre.jar
2025-04-29 05:20:08,105 [Worker-12: Launching mavenrun-8fb9f2e8-ef88-4f30-8d48-322f011f18c3] INFO  o.eclipse.m2e.core.internal.Bundles - getClasspathEntries(Bundle=slf4j.api_2.0.16 [1005])
2025-04-29 05:20:08,107 [Worker-12: Launching mavenrun-8fb9f2e8-ef88-4f30-8d48-322f011f18c3] INFO  o.eclipse.m2e.core.internal.Bundles - 	Entry: C:\Users\sharm\.p2\pool\plugins\slf4j.api_2.0.16.jar
2025-04-29 05:20:08,108 [Worker-12: Launching mavenrun-8fb9f2e8-ef88-4f30-8d48-322f011f18c3] INFO  o.eclipse.m2e.core.internal.Bundles - getClasspathEntries(Bundle=jakarta.inject.jakarta.inject-api_1.0.5 [34])
2025-04-29 05:20:08,110 [Worker-12: Launching mavenrun-8fb9f2e8-ef88-4f30-8d48-322f011f18c3] INFO  o.eclipse.m2e.core.internal.Bundles - 	Entry: C:\Users\sharm\.p2\pool\plugins\jakarta.inject.jakarta.inject-api_1.0.5.jar
2025-04-29 05:20:08,110 [Worker-12: Launching mavenrun-8fb9f2e8-ef88-4f30-8d48-322f011f18c3] INFO  o.eclipse.m2e.core.internal.Bundles - getClasspathEntries(Bundle=jakarta.annotation-api_1.3.5 [29])
2025-04-29 05:20:08,111 [Worker-12: Launching mavenrun-8fb9f2e8-ef88-4f30-8d48-322f011f18c3] INFO  o.eclipse.m2e.core.internal.Bundles - 	Entry: C:\Users\sharm\.p2\pool\plugins\jakarta.annotation-api_1.3.5.jar
2025-04-29 05:20:08,112 [Worker-12: Launching mavenrun-8fb9f2e8-ef88-4f30-8d48-322f011f18c3] INFO  o.eclipse.m2e.core.internal.Bundles - getClasspathEntries(Bundle=org.apache.commons.cli_1.9.0 [75])
2025-04-29 05:20:08,113 [Worker-12: Launching mavenrun-8fb9f2e8-ef88-4f30-8d48-322f011f18c3] INFO  o.eclipse.m2e.core.internal.Bundles - 	Entry: C:\Users\sharm\.p2\pool\plugins\org.apache.commons.cli_1.9.0.jar
2025-04-29 05:20:08,114 [Worker-12: Launching mavenrun-8fb9f2e8-ef88-4f30-8d48-322f011f18c3] INFO  o.eclipse.m2e.core.internal.Bundles - getClasspathEntries(Bundle=org.apache.commons.commons-codec_1.16.0 [78])
2025-04-29 05:20:08,115 [Worker-12: Launching mavenrun-8fb9f2e8-ef88-4f30-8d48-322f011f18c3] INFO  o.eclipse.m2e.core.internal.Bundles - 	Entry: C:\Users\sharm\.p2\pool\plugins\org.apache.commons.commons-codec_1.16.0.jar
2025-04-29 05:20:08,115 [Worker-12: Launching mavenrun-8fb9f2e8-ef88-4f30-8d48-322f011f18c3] INFO  o.eclipse.m2e.core.internal.Bundles - getClasspathEntries(Bundle=com.google.guava.failureaccess_1.0.2 [17])
2025-04-29 05:20:08,117 [Worker-12: Launching mavenrun-8fb9f2e8-ef88-4f30-8d48-322f011f18c3] INFO  o.eclipse.m2e.core.internal.Bundles - 	Entry: C:\Users\sharm\.p2\pool\plugins\com.google.guava.failureaccess_1.0.2.jar
2025-04-29 05:20:08,130 [Worker-12: Launching mavenrun-8fb9f2e8-ef88-4f30-8d48-322f011f18c3] INFO  o.e.m.i.launch.MavenLaunchDelegate - Run build in "C:\Users\sharm\AppData\Local\Temp\m2e-archetypeGenerator17617176346176987524":
2025-04-29 05:20:08,132 [Worker-12: Launching mavenrun-8fb9f2e8-ef88-4f30-8d48-322f011f18c3] INFO  o.e.m.i.launch.MavenLaunchDelegate -  mvn  -DarchetypeGroupId=org.apache.maven.archetypes -DarchetypeArtifactId=maven-archetype-webapp -DarchetypeVersion=1.0 -DgroupId=a.b.c -DartifactId=SpringMvcProj1 -Dversion=0.0.1-SNAPSHOT -Dpackage=a.b.c -DoutputDirectory="C:\Users\sharm\Desktop\Advance java JDBC\SpringMVC" -B -Dstyle.color=always -U archetype:generate
2025-04-29 05:20:16,337 [Worker-5: Creating maven-archetype-webapp] INFO  o.e.m.c.i.p.ProjectConfigurationManager - Collecting project info '/pom.xml' C:\Users\sharm\Desktop\Advance java JDBC\SpringMVC\SpringMvcProj1\pom.xml
2025-04-29 05:20:17,378 [Worker-5: Creating maven-archetype-webapp] INFO  o.e.m.c.i.l.LifecycleMappingFactory - Using org.maven.ide.eclipse.wtp.WarLifecycleMapping lifecycle mapping for MavenProject: a.b.c:SpringMvcProj1:0.0.1-SNAPSHOT @ C:\Users\sharm\Desktop\Advance java JDBC\SpringMVC\SpringMvcProj1\pom.xml.
2025-04-29 05:20:18,960 [Worker-5: Creating maven-archetype-webapp] INFO  o.e.m.j.i.AbstractJavaProjectConfigurator - Adding source folder /SpringMvcProj1/src/main/java
2025-04-29 05:20:18,964 [Worker-5: Creating maven-archetype-webapp] INFO  o.e.m.j.i.AbstractJavaProjectConfigurator - Adding resource folder /SpringMvcProj1/src/main/resources
2025-04-29 05:20:18,965 [Worker-5: Creating maven-archetype-webapp] INFO  o.e.m.j.i.AbstractJavaProjectConfigurator - Adding source folder /SpringMvcProj1/src/test/java
2025-04-29 05:20:18,967 [Worker-5: Creating maven-archetype-webapp] INFO  o.e.m.j.i.AbstractJavaProjectConfigurator - Adding resource folder /SpringMvcProj1/src/test/resources
2025-04-29 05:20:21,297 [Worker-5: Creating maven-archetype-webapp] INFO  o.e.m.c.i.p.ProjectConfigurationManager - Imported and configured 1 project(s) in 4 sec
2025-04-29 05:20:22,171 [Worker-25: Building] WARN  o.a.m.s.f.DefaultMavenResourcesFiltering - Using platform encoding (UTF-8 actually) to copy filtered resources, i.e. build is platform dependent!
2025-04-29 05:20:22,182 [Worker-25: Building] INFO  o.a.m.s.f.DefaultMavenResourcesFiltering - Copying 0 resource from src\main\resources to target\classes
2025-04-29 05:20:22,191 [Worker-25: Building] WARN  o.a.m.s.f.DefaultMavenResourcesFiltering - Using platform encoding (UTF-8 actually) to copy filtered resources, i.e. build is platform dependent!
2025-04-29 05:20:22,194 [Worker-25: Building] INFO  o.a.m.s.f.DefaultMavenResourcesFiltering - skip non existing resourceDirectory C:\Users\sharm\Desktop\Advance java JDBC\SpringMVC\SpringMvcProj1\src\test\resources
2025-04-29 05:21:05,850 [Worker-22: Building] WARN  o.a.m.s.f.DefaultMavenResourcesFiltering - Using platform encoding (UTF-8 actually) to copy filtered resources, i.e. build is platform dependent!
2025-04-29 05:21:05,856 [Worker-22: Building] INFO  o.a.m.s.f.DefaultMavenResourcesFiltering - Copying 0 resource from src\main\resources to target\classes
2025-04-29 05:21:05,861 [Worker-22: Building] WARN  o.a.m.s.f.DefaultMavenResourcesFiltering - Using platform encoding (UTF-8 actually) to copy filtered resources, i.e. build is platform dependent!
2025-04-29 05:21:05,863 [Worker-22: Building] INFO  o.a.m.s.f.DefaultMavenResourcesFiltering - Copying 0 resource from src\test\resources to target\test-classes
2025-04-29 05:21:27,513 [Worker-20: Building] WARN  o.a.m.s.f.DefaultMavenResourcesFiltering - Using platform encoding (UTF-8 actually) to copy filtered resources, i.e. build is platform dependent!
2025-04-29 05:21:27,515 [Worker-20: Building] INFO  o.a.m.s.f.DefaultMavenResourcesFiltering - Copying 0 resource from src\main\resources to target\classes
2025-04-29 05:21:27,518 [Worker-20: Building] WARN  o.a.m.s.f.DefaultMavenResourcesFiltering - Using platform encoding (UTF-8 actually) to copy filtered resources, i.e. build is platform dependent!
2025-04-29 05:21:27,520 [Worker-20: Building] INFO  o.a.m.s.f.DefaultMavenResourcesFiltering - Copying 0 resource from src\test\resources to target\test-classes
2025-04-29 05:22:53,786 [Worker-20: Building] INFO  o.e.m.c.i.l.LifecycleMappingFactory - Using org.maven.ide.eclipse.wtp.WarLifecycleMapping lifecycle mapping for MavenProject: a.b.c:SpringMvcProj1:0.0.1-SNAPSHOT @ C:\Users\sharm\Desktop\Advance java JDBC\SpringMVC\SpringMvcProj1\pom.xml.
2025-04-29 05:22:54,802 [Worker-20: Building] WARN  o.a.m.s.f.DefaultMavenResourcesFiltering - Using platform encoding (UTF-8 actually) to copy filtered resources, i.e. build is platform dependent!
2025-04-29 05:22:54,805 [Worker-20: Building] INFO  o.a.m.s.f.DefaultMavenResourcesFiltering - Copying 0 resource from src\main\resources to target\classes
2025-04-29 05:22:54,810 [Worker-20: Building] WARN  o.a.m.s.f.DefaultMavenResourcesFiltering - Using platform encoding (UTF-8 actually) to copy filtered resources, i.e. build is platform dependent!
2025-04-29 05:22:54,812 [Worker-20: Building] INFO  o.a.m.s.f.DefaultMavenResourcesFiltering - Copying 0 resource from src\test\resources to target\test-classes
2025-04-29 05:22:54,813 [Worker-20: Building] INFO  o.e.m.w.i.f.ResourceFilteringBuildParticipant - Changed resources require a complete clean of filtered resources of SpringMvcProj1
2025-04-29 05:22:54,814 [Worker-20: Building] INFO  o.e.m.w.i.f.ResourceFilteringBuildParticipant - Executing resource filtering for SpringMvcProj1
2025-04-29 05:23:18,190 [Worker-5: Building] WARN  o.a.m.s.f.DefaultMavenResourcesFiltering - Using platform encoding (UTF-8 actually) to copy filtered resources, i.e. build is platform dependent!
2025-04-29 05:23:18,193 [Worker-5: Building] INFO  o.a.m.s.f.DefaultMavenResourcesFiltering - Copying 0 resource from src\main\resources to target\classes
2025-04-29 05:23:18,196 [Worker-5: Building] WARN  o.a.m.s.f.DefaultMavenResourcesFiltering - Using platform encoding (UTF-8 actually) to copy filtered resources, i.e. build is platform dependent!
2025-04-29 05:23:18,197 [Worker-5: Building] INFO  o.a.m.s.f.DefaultMavenResourcesFiltering - Copying 0 resource from src\test\resources to target\test-classes
2025-04-29 05:29:06,457 [Worker-9: Building] WARN  o.a.m.s.f.DefaultMavenResourcesFiltering - Using platform encoding (UTF-8 actually) to copy filtered resources, i.e. build is platform dependent!
2025-04-29 05:29:06,460 [Worker-9: Building] INFO  o.a.m.s.f.DefaultMavenResourcesFiltering - Copying 0 resource from src\main\resources to target\classes
2025-04-29 05:29:06,463 [Worker-9: Building] WARN  o.a.m.s.f.DefaultMavenResourcesFiltering - Using platform encoding (UTF-8 actually) to copy filtered resources, i.e. build is platform dependent!
2025-04-29 05:29:06,465 [Worker-9: Building] INFO  o.a.m.s.f.DefaultMavenResourcesFiltering - Copying 0 resource from src\test\resources to target\test-classes
2025-04-29 05:32:15,314 [Worker-2: Building] WARN  o.a.m.s.f.DefaultMavenResourcesFiltering - Using platform encoding (UTF-8 actually) to copy filtered resources, i.e. build is platform dependent!
2025-04-29 05:32:15,319 [Worker-2: Building] INFO  o.a.m.s.f.DefaultMavenResourcesFiltering - Copying 0 resource from src\main\resources to target\classes
2025-04-29 05:32:15,323 [Worker-2: Building] WARN  o.a.m.s.f.DefaultMavenResourcesFiltering - Using platform encoding (UTF-8 actually) to copy filtered resources, i.e. build is platform dependent!
2025-04-29 05:32:15,326 [Worker-2: Building] INFO  o.a.m.s.f.DefaultMavenResourcesFiltering - Copying 0 resource from src\test\resources to target\test-classes
2025-04-29 05:33:18,969 [Worker-12: Building] WARN  o.a.m.s.f.DefaultMavenResourcesFiltering - Using platform encoding (UTF-8 actually) to copy filtered resources, i.e. build is platform dependent!
2025-04-29 05:33:18,971 [Worker-12: Building] INFO  o.a.m.s.f.DefaultMavenResourcesFiltering - Copying 0 resource from src\main\resources to target\classes
2025-04-29 05:33:18,973 [Worker-12: Building] WARN  o.a.m.s.f.DefaultMavenResourcesFiltering - Using platform encoding (UTF-8 actually) to copy filtered resources, i.e. build is platform dependent!
2025-04-29 05:33:18,975 [Worker-12: Building] INFO  o.a.m.s.f.DefaultMavenResourcesFiltering - Copying 0 resource from src\test\resources to target\test-classes
2025-04-29 05:35:11,127 [Worker-4: Building] WARN  o.a.m.s.f.DefaultMavenResourcesFiltering - Using platform encoding (UTF-8 actually) to copy filtered resources, i.e. build is platform dependent!
2025-04-29 05:35:11,131 [Worker-4: Building] INFO  o.a.m.s.f.DefaultMavenResourcesFiltering - Copying 0 resource from src\main\resources to target\classes
2025-04-29 05:35:11,135 [Worker-4: Building] WARN  o.a.m.s.f.DefaultMavenResourcesFiltering - Using platform encoding (UTF-8 actually) to copy filtered resources, i.e. build is platform dependent!
2025-04-29 05:35:11,137 [Worker-4: Building] INFO  o.a.m.s.f.DefaultMavenResourcesFiltering - Copying 0 resource from src\test\resources to target\test-classes
2025-04-29 05:36:17,722 [Worker-2: Building] WARN  o.a.m.s.f.DefaultMavenResourcesFiltering - Using platform encoding (UTF-8 actually) to copy filtered resources, i.e. build is platform dependent!
2025-04-29 05:36:17,725 [Worker-2: Building] INFO  o.a.m.s.f.DefaultMavenResourcesFiltering - Copying 0 resource from src\main\resources to target\classes
2025-04-29 05:36:17,727 [Worker-2: Building] WARN  o.a.m.s.f.DefaultMavenResourcesFiltering - Using platform encoding (UTF-8 actually) to copy filtered resources, i.e. build is platform dependent!
2025-04-29 05:36:17,730 [Worker-2: Building] INFO  o.a.m.s.f.DefaultMavenResourcesFiltering - Copying 0 resource from src\test\resources to target\test-classes
2025-04-29 05:36:31,415 [Worker-16: Building] WARN  o.a.m.s.f.DefaultMavenResourcesFiltering - Using platform encoding (UTF-8 actually) to copy filtered resources, i.e. build is platform dependent!
2025-04-29 05:36:31,417 [Worker-16: Building] INFO  o.a.m.s.f.DefaultMavenResourcesFiltering - Copying 0 resource from src\main\resources to target\classes
2025-04-29 05:36:31,419 [Worker-16: Building] WARN  o.a.m.s.f.DefaultMavenResourcesFiltering - Using platform encoding (UTF-8 actually) to copy filtered resources, i.e. build is platform dependent!
2025-04-29 05:36:31,421 [Worker-16: Building] INFO  o.a.m.s.f.DefaultMavenResourcesFiltering - Copying 0 resource from src\test\resources to target\test-classes
2025-04-29 05:37:01,650 [Worker-22: Building] WARN  o.a.m.s.f.DefaultMavenResourcesFiltering - Using platform encoding (UTF-8 actually) to copy filtered resources, i.e. build is platform dependent!
2025-04-29 05:37:01,652 [Worker-22: Building] INFO  o.a.m.s.f.DefaultMavenResourcesFiltering - Copying 0 resource from src\main\resources to target\classes
2025-04-29 05:37:01,653 [Worker-22: Building] WARN  o.a.m.s.f.DefaultMavenResourcesFiltering - Using platform encoding (UTF-8 actually) to copy filtered resources, i.e. build is platform dependent!
2025-04-29 05:37:01,654 [Worker-22: Building] INFO  o.a.m.s.f.DefaultMavenResourcesFiltering - Copying 0 resource from src\test\resources to target\test-classes
2025-04-29 05:37:06,319 [Worker-22: Building] WARN  o.a.m.s.f.DefaultMavenResourcesFiltering - Using platform encoding (UTF-8 actually) to copy filtered resources, i.e. build is platform dependent!
2025-04-29 05:37:06,322 [Worker-22: Building] INFO  o.a.m.s.f.DefaultMavenResourcesFiltering - Copying 0 resource from src\main\resources to target\classes
2025-04-29 05:37:06,325 [Worker-22: Building] WARN  o.a.m.s.f.DefaultMavenResourcesFiltering - Using platform encoding (UTF-8 actually) to copy filtered resources, i.e. build is platform dependent!
2025-04-29 05:37:06,327 [Worker-22: Building] INFO  o.a.m.s.f.DefaultMavenResourcesFiltering - Copying 0 resource from src\test\resources to target\test-classes
2025-04-29 05:37:36,051 [Worker-15: Building] WARN  o.a.m.s.f.DefaultMavenResourcesFiltering - Using platform encoding (UTF-8 actually) to copy filtered resources, i.e. build is platform dependent!
2025-04-29 05:37:36,055 [Worker-15: Building] INFO  o.a.m.s.f.DefaultMavenResourcesFiltering - Copying 0 resource from src\main\resources to target\classes
2025-04-29 05:37:36,058 [Worker-15: Building] WARN  o.a.m.s.f.DefaultMavenResourcesFiltering - Using platform encoding (UTF-8 actually) to copy filtered resources, i.e. build is platform dependent!
2025-04-29 05:37:36,061 [Worker-15: Building] INFO  o.a.m.s.f.DefaultMavenResourcesFiltering - Copying 0 resource from src\test\resources to target\test-classes
2025-04-29 05:41:07,923 [Worker-11: Building] WARN  o.a.m.s.f.DefaultMavenResourcesFiltering - Using platform encoding (UTF-8 actually) to copy filtered resources, i.e. build is platform dependent!
2025-04-29 05:41:07,928 [Worker-11: Building] INFO  o.a.m.s.f.DefaultMavenResourcesFiltering - Copying 0 resource from src\main\resources to target\classes
2025-04-29 05:41:07,930 [Worker-11: Building] WARN  o.a.m.s.f.DefaultMavenResourcesFiltering - Using platform encoding (UTF-8 actually) to copy filtered resources, i.e. build is platform dependent!
2025-04-29 05:41:07,932 [Worker-11: Building] INFO  o.a.m.s.f.DefaultMavenResourcesFiltering - Copying 0 resource from src\test\resources to target\test-classes
2025-04-29 05:41:18,679 [Worker-14: Building] WARN  o.a.m.s.f.DefaultMavenResourcesFiltering - Using platform encoding (UTF-8 actually) to copy filtered resources, i.e. build is platform dependent!
2025-04-29 05:41:18,680 [Worker-14: Building] INFO  o.a.m.s.f.DefaultMavenResourcesFiltering - Copying 0 resource from src\main\resources to target\classes
2025-04-29 05:41:18,683 [Worker-14: Building] WARN  o.a.m.s.f.DefaultMavenResourcesFiltering - Using platform encoding (UTF-8 actually) to copy filtered resources, i.e. build is platform dependent!
2025-04-29 05:41:18,684 [Worker-14: Building] INFO  o.a.m.s.f.DefaultMavenResourcesFiltering - Copying 0 resource from src\test\resources to target\test-classes
2025-04-29 09:04:50,092 [Worker-34: Launching mavenrun-87ec98d0-d614-4572-9e50-93e111ea823e] INFO  o.eclipse.m2e.core.internal.Bundles - getClasspathEntries(Bundle=org.eclipse.m2e.maven.runtime_3.9.900.20240824-1409 [638])
2025-04-29 09:04:50,580 [Worker-34: Launching mavenrun-87ec98d0-d614-4572-9e50-93e111ea823e] INFO  o.eclipse.m2e.core.internal.Bundles - 	Entry: C:\Users\sharm\.p2\pool\plugins\org.eclipse.m2e.maven.runtime_3.9.900.20240824-1409
2025-04-29 09:04:50,607 [Worker-34: Launching mavenrun-87ec98d0-d614-4572-9e50-93e111ea823e] INFO  o.eclipse.m2e.core.internal.Bundles - 	Entry: C:\Users\sharm\.p2\pool\plugins\org.eclipse.m2e.maven.runtime_3.9.900.20240824-1409\jars\aopalliance-1.0.jar
2025-04-29 09:04:50,608 [Worker-34: Launching mavenrun-87ec98d0-d614-4572-9e50-93e111ea823e] INFO  o.eclipse.m2e.core.internal.Bundles - 	Entry: C:\Users\sharm\.p2\pool\plugins\org.eclipse.m2e.maven.runtime_3.9.900.20240824-1409\jars\guice-5.1.0.jar
2025-04-29 09:04:50,609 [Worker-34: Launching mavenrun-87ec98d0-d614-4572-9e50-93e111ea823e] INFO  o.eclipse.m2e.core.internal.Bundles - 	Entry: C:\Users\sharm\.p2\pool\plugins\org.eclipse.m2e.maven.runtime_3.9.900.20240824-1409\jars\httpclient-4.5.14.jar
2025-04-29 09:04:50,609 [Worker-34: Launching mavenrun-87ec98d0-d614-4572-9e50-93e111ea823e] INFO  o.eclipse.m2e.core.internal.Bundles - 	Entry: C:\Users\sharm\.p2\pool\plugins\org.eclipse.m2e.maven.runtime_3.9.900.20240824-1409\jars\httpcore-4.4.16.jar
2025-04-29 09:04:50,609 [Worker-34: Launching mavenrun-87ec98d0-d614-4572-9e50-93e111ea823e] INFO  o.eclipse.m2e.core.internal.Bundles - 	Entry: C:\Users\sharm\.p2\pool\plugins\org.eclipse.m2e.maven.runtime_3.9.900.20240824-1409\jars\jansi-2.4.1.jar
2025-04-29 09:04:50,609 [Worker-34: Launching mavenrun-87ec98d0-d614-4572-9e50-93e111ea823e] INFO  o.eclipse.m2e.core.internal.Bundles - 	Entry: C:\Users\sharm\.p2\pool\plugins\org.eclipse.m2e.maven.runtime_3.9.900.20240824-1409\jars\jcl-over-slf4j-1.7.36.jar
2025-04-29 09:04:50,636 [Worker-34: Launching mavenrun-87ec98d0-d614-4572-9e50-93e111ea823e] INFO  o.eclipse.m2e.core.internal.Bundles - 	Entry: C:\Users\sharm\.p2\pool\plugins\org.eclipse.m2e.maven.runtime_3.9.900.20240824-1409\jars\maven-artifact-3.9.9.jar
2025-04-29 09:04:50,636 [Worker-34: Launching mavenrun-87ec98d0-d614-4572-9e50-93e111ea823e] INFO  o.eclipse.m2e.core.internal.Bundles - 	Entry: C:\Users\sharm\.p2\pool\plugins\org.eclipse.m2e.maven.runtime_3.9.900.20240824-1409\jars\maven-builder-support-3.9.9.jar
2025-04-29 09:04:50,636 [Worker-34: Launching mavenrun-87ec98d0-d614-4572-9e50-93e111ea823e] INFO  o.eclipse.m2e.core.internal.Bundles - 	Entry: C:\Users\sharm\.p2\pool\plugins\org.eclipse.m2e.maven.runtime_3.9.900.20240824-1409\jars\maven-compat-3.9.9.jar
2025-04-29 09:04:50,636 [Worker-34: Launching mavenrun-87ec98d0-d614-4572-9e50-93e111ea823e] INFO  o.eclipse.m2e.core.internal.Bundles - 	Entry: C:\Users\sharm\.p2\pool\plugins\org.eclipse.m2e.maven.runtime_3.9.900.20240824-1409\jars\maven-core-3.9.9.jar
2025-04-29 09:04:50,637 [Worker-34: Launching mavenrun-87ec98d0-d614-4572-9e50-93e111ea823e] INFO  o.eclipse.m2e.core.internal.Bundles - 	Entry: C:\Users\sharm\.p2\pool\plugins\org.eclipse.m2e.maven.runtime_3.9.900.20240824-1409\jars\maven-embedder-3.9.9.jar
2025-04-29 09:04:50,639 [Worker-34: Launching mavenrun-87ec98d0-d614-4572-9e50-93e111ea823e] INFO  o.eclipse.m2e.core.internal.Bundles - 	Entry: C:\Users\sharm\.p2\pool\plugins\org.eclipse.m2e.maven.runtime_3.9.900.20240824-1409\jars\maven-model-3.9.9.jar
2025-04-29 09:04:50,651 [Worker-34: Launching mavenrun-87ec98d0-d614-4572-9e50-93e111ea823e] INFO  o.eclipse.m2e.core.internal.Bundles - 	Entry: C:\Users\sharm\.p2\pool\plugins\org.eclipse.m2e.maven.runtime_3.9.900.20240824-1409\jars\maven-model-builder-3.9.9.jar
2025-04-29 09:04:50,663 [Worker-34: Launching mavenrun-87ec98d0-d614-4572-9e50-93e111ea823e] INFO  o.eclipse.m2e.core.internal.Bundles - 	Entry: C:\Users\sharm\.p2\pool\plugins\org.eclipse.m2e.maven.runtime_3.9.900.20240824-1409\jars\maven-plugin-api-3.9.9.jar
2025-04-29 09:04:50,667 [Worker-34: Launching mavenrun-87ec98d0-d614-4572-9e50-93e111ea823e] INFO  o.eclipse.m2e.core.internal.Bundles - 	Entry: C:\Users\sharm\.p2\pool\plugins\org.eclipse.m2e.maven.runtime_3.9.900.20240824-1409\jars\maven-repository-metadata-3.9.9.jar
2025-04-29 09:04:50,667 [Worker-34: Launching mavenrun-87ec98d0-d614-4572-9e50-93e111ea823e] INFO  o.eclipse.m2e.core.internal.Bundles - 	Entry: C:\Users\sharm\.p2\pool\plugins\org.eclipse.m2e.maven.runtime_3.9.900.20240824-1409\jars\maven-resolver-api-1.9.22.jar
2025-04-29 09:04:50,692 [Worker-34: Launching mavenrun-87ec98d0-d614-4572-9e50-93e111ea823e] INFO  o.eclipse.m2e.core.internal.Bundles - 	Entry: C:\Users\sharm\.p2\pool\plugins\org.eclipse.m2e.maven.runtime_3.9.900.20240824-1409\jars\maven-resolver-connector-basic-1.9.22.jar
2025-04-29 09:04:50,693 [Worker-34: Launching mavenrun-87ec98d0-d614-4572-9e50-93e111ea823e] INFO  o.eclipse.m2e.core.internal.Bundles - 	Entry: C:\Users\sharm\.p2\pool\plugins\org.eclipse.m2e.maven.runtime_3.9.900.20240824-1409\jars\maven-resolver-impl-1.9.22.jar
2025-04-29 09:04:50,693 [Worker-34: Launching mavenrun-87ec98d0-d614-4572-9e50-93e111ea823e] INFO  o.eclipse.m2e.core.internal.Bundles - 	Entry: C:\Users\sharm\.p2\pool\plugins\org.eclipse.m2e.maven.runtime_3.9.900.20240824-1409\jars\maven-resolver-named-locks-1.9.22.jar
2025-04-29 09:04:50,693 [Worker-34: Launching mavenrun-87ec98d0-d614-4572-9e50-93e111ea823e] INFO  o.eclipse.m2e.core.internal.Bundles - 	Entry: C:\Users\sharm\.p2\pool\plugins\org.eclipse.m2e.maven.runtime_3.9.900.20240824-1409\jars\maven-resolver-provider-3.9.9.jar
2025-04-29 09:04:50,693 [Worker-34: Launching mavenrun-87ec98d0-d614-4572-9e50-93e111ea823e] INFO  o.eclipse.m2e.core.internal.Bundles - 	Entry: C:\Users\sharm\.p2\pool\plugins\org.eclipse.m2e.maven.runtime_3.9.900.20240824-1409\jars\maven-resolver-spi-1.9.22.jar
2025-04-29 09:04:50,693 [Worker-34: Launching mavenrun-87ec98d0-d614-4572-9e50-93e111ea823e] INFO  o.eclipse.m2e.core.internal.Bundles - 	Entry: C:\Users\sharm\.p2\pool\plugins\org.eclipse.m2e.maven.runtime_3.9.900.20240824-1409\jars\maven-resolver-transport-file-1.9.22.jar
2025-04-29 09:04:50,693 [Worker-34: Launching mavenrun-87ec98d0-d614-4572-9e50-93e111ea823e] INFO  o.eclipse.m2e.core.internal.Bundles - 	Entry: C:\Users\sharm\.p2\pool\plugins\org.eclipse.m2e.maven.runtime_3.9.900.20240824-1409\jars\maven-resolver-transport-http-1.9.22.jar
2025-04-29 09:04:50,694 [Worker-34: Launching mavenrun-87ec98d0-d614-4572-9e50-93e111ea823e] INFO  o.eclipse.m2e.core.internal.Bundles - 	Entry: C:\Users\sharm\.p2\pool\plugins\org.eclipse.m2e.maven.runtime_3.9.900.20240824-1409\jars\maven-resolver-transport-wagon-1.9.22.jar
2025-04-29 09:04:50,694 [Worker-34: Launching mavenrun-87ec98d0-d614-4572-9e50-93e111ea823e] INFO  o.eclipse.m2e.core.internal.Bundles - 	Entry: C:\Users\sharm\.p2\pool\plugins\org.eclipse.m2e.maven.runtime_3.9.900.20240824-1409\jars\maven-resolver-util-1.9.22.jar
2025-04-29 09:04:50,698 [Worker-34: Launching mavenrun-87ec98d0-d614-4572-9e50-93e111ea823e] INFO  o.eclipse.m2e.core.internal.Bundles - 	Entry: C:\Users\sharm\.p2\pool\plugins\org.eclipse.m2e.maven.runtime_3.9.900.20240824-1409\jars\maven-settings-3.9.9.jar
2025-04-29 09:04:50,698 [Worker-34: Launching mavenrun-87ec98d0-d614-4572-9e50-93e111ea823e] INFO  o.eclipse.m2e.core.internal.Bundles - 	Entry: C:\Users\sharm\.p2\pool\plugins\org.eclipse.m2e.maven.runtime_3.9.900.20240824-1409\jars\maven-settings-builder-3.9.9.jar
2025-04-29 09:04:50,699 [Worker-34: Launching mavenrun-87ec98d0-d614-4572-9e50-93e111ea823e] INFO  o.eclipse.m2e.core.internal.Bundles - 	Entry: C:\Users\sharm\.p2\pool\plugins\org.eclipse.m2e.maven.runtime_3.9.900.20240824-1409\jars\maven-shared-utils-3.4.2.jar
2025-04-29 09:04:50,699 [Worker-34: Launching mavenrun-87ec98d0-d614-4572-9e50-93e111ea823e] INFO  o.eclipse.m2e.core.internal.Bundles - 	Entry: C:\Users\sharm\.p2\pool\plugins\org.eclipse.m2e.maven.runtime_3.9.900.20240824-1409\jars\org.eclipse.sisu.inject-0.9.0.M3.jar
2025-04-29 09:04:50,721 [Worker-34: Launching mavenrun-87ec98d0-d614-4572-9e50-93e111ea823e] INFO  o.eclipse.m2e.core.internal.Bundles - 	Entry: C:\Users\sharm\.p2\pool\plugins\org.eclipse.m2e.maven.runtime_3.9.900.20240824-1409\jars\org.eclipse.sisu.plexus-0.9.0.M3.jar
2025-04-29 09:04:50,721 [Worker-34: Launching mavenrun-87ec98d0-d614-4572-9e50-93e111ea823e] INFO  o.eclipse.m2e.core.internal.Bundles - 	Entry: C:\Users\sharm\.p2\pool\plugins\org.eclipse.m2e.maven.runtime_3.9.900.20240824-1409\jars\plexus-build-api-0.0.7.jar
2025-04-29 09:04:50,722 [Worker-34: Launching mavenrun-87ec98d0-d614-4572-9e50-93e111ea823e] INFO  o.eclipse.m2e.core.internal.Bundles - 	Entry: C:\Users\sharm\.p2\pool\plugins\org.eclipse.m2e.maven.runtime_3.9.900.20240824-1409\jars\plexus-build-api-1.2.0.jar
2025-04-29 09:04:50,737 [Worker-34: Launching mavenrun-87ec98d0-d614-4572-9e50-93e111ea823e] INFO  o.eclipse.m2e.core.internal.Bundles - 	Entry: C:\Users\sharm\.p2\pool\plugins\org.eclipse.m2e.maven.runtime_3.9.900.20240824-1409\jars\plexus-cipher-2.0.jar
2025-04-29 09:04:50,737 [Worker-34: Launching mavenrun-87ec98d0-d614-4572-9e50-93e111ea823e] INFO  o.eclipse.m2e.core.internal.Bundles - 	Entry: C:\Users\sharm\.p2\pool\plugins\org.eclipse.m2e.maven.runtime_3.9.900.20240824-1409\jars\plexus-classworlds-2.8.0.jar
2025-04-29 09:04:50,737 [Worker-34: Launching mavenrun-87ec98d0-d614-4572-9e50-93e111ea823e] INFO  o.eclipse.m2e.core.internal.Bundles - 	Entry: C:\Users\sharm\.p2\pool\plugins\org.eclipse.m2e.maven.runtime_3.9.900.20240824-1409\jars\plexus-component-annotations-2.1.0.jar
2025-04-29 09:04:50,745 [Worker-34: Launching mavenrun-87ec98d0-d614-4572-9e50-93e111ea823e] INFO  o.eclipse.m2e.core.internal.Bundles - 	Entry: C:\Users\sharm\.p2\pool\plugins\org.eclipse.m2e.maven.runtime_3.9.900.20240824-1409\jars\plexus-interpolation-1.27.jar
2025-04-29 09:04:50,745 [Worker-34: Launching mavenrun-87ec98d0-d614-4572-9e50-93e111ea823e] INFO  o.eclipse.m2e.core.internal.Bundles - 	Entry: C:\Users\sharm\.p2\pool\plugins\org.eclipse.m2e.maven.runtime_3.9.900.20240824-1409\jars\plexus-sec-dispatcher-2.0.jar
2025-04-29 09:04:50,745 [Worker-34: Launching mavenrun-87ec98d0-d614-4572-9e50-93e111ea823e] INFO  o.eclipse.m2e.core.internal.Bundles - 	Entry: C:\Users\sharm\.p2\pool\plugins\org.eclipse.m2e.maven.runtime_3.9.900.20240824-1409\jars\plexus-utils-3.5.1.jar
2025-04-29 09:04:50,746 [Worker-34: Launching mavenrun-87ec98d0-d614-4572-9e50-93e111ea823e] INFO  o.eclipse.m2e.core.internal.Bundles - 	Entry: C:\Users\sharm\.p2\pool\plugins\org.eclipse.m2e.maven.runtime_3.9.900.20240824-1409\jars\plexus-xml-3.0.1.jar
2025-04-29 09:04:50,748 [Worker-34: Launching mavenrun-87ec98d0-d614-4572-9e50-93e111ea823e] INFO  o.eclipse.m2e.core.internal.Bundles - 	Entry: C:\Users\sharm\.p2\pool\plugins\org.eclipse.m2e.maven.runtime_3.9.900.20240824-1409\jars\wagon-file-3.5.3.jar
2025-04-29 09:04:50,748 [Worker-34: Launching mavenrun-87ec98d0-d614-4572-9e50-93e111ea823e] INFO  o.eclipse.m2e.core.internal.Bundles - 	Entry: C:\Users\sharm\.p2\pool\plugins\org.eclipse.m2e.maven.runtime_3.9.900.20240824-1409\jars\wagon-http-3.5.3.jar
2025-04-29 09:04:50,748 [Worker-34: Launching mavenrun-87ec98d0-d614-4572-9e50-93e111ea823e] INFO  o.eclipse.m2e.core.internal.Bundles - 	Entry: C:\Users\sharm\.p2\pool\plugins\org.eclipse.m2e.maven.runtime_3.9.900.20240824-1409\jars\wagon-http-shared-3.5.3.jar
2025-04-29 09:04:50,760 [Worker-34: Launching mavenrun-87ec98d0-d614-4572-9e50-93e111ea823e] INFO  o.eclipse.m2e.core.internal.Bundles - 	Entry: C:\Users\sharm\.p2\pool\plugins\org.eclipse.m2e.maven.runtime_3.9.900.20240824-1409\jars\wagon-provider-api-3.5.3.jar
2025-04-29 09:04:50,834 [Worker-34: Launching mavenrun-87ec98d0-d614-4572-9e50-93e111ea823e] INFO  o.eclipse.m2e.core.internal.Bundles - getClasspathEntries(Bundle=com.google.guava_33.3.1.jre [16])
2025-04-29 09:04:50,858 [Worker-34: Launching mavenrun-87ec98d0-d614-4572-9e50-93e111ea823e] INFO  o.eclipse.m2e.core.internal.Bundles - 	Entry: C:\Users\sharm\.p2\pool\plugins\com.google.guava_33.3.1.jre.jar
2025-04-29 09:04:50,858 [Worker-34: Launching mavenrun-87ec98d0-d614-4572-9e50-93e111ea823e] INFO  o.eclipse.m2e.core.internal.Bundles - getClasspathEntries(Bundle=slf4j.api_2.0.16 [1005])
2025-04-29 09:04:50,882 [Worker-34: Launching mavenrun-87ec98d0-d614-4572-9e50-93e111ea823e] INFO  o.eclipse.m2e.core.internal.Bundles - 	Entry: C:\Users\sharm\.p2\pool\plugins\slf4j.api_2.0.16.jar
2025-04-29 09:04:50,882 [Worker-34: Launching mavenrun-87ec98d0-d614-4572-9e50-93e111ea823e] INFO  o.eclipse.m2e.core.internal.Bundles - getClasspathEntries(Bundle=jakarta.inject.jakarta.inject-api_1.0.5 [34])
2025-04-29 09:04:50,909 [Worker-34: Launching mavenrun-87ec98d0-d614-4572-9e50-93e111ea823e] INFO  o.eclipse.m2e.core.internal.Bundles - 	Entry: C:\Users\sharm\.p2\pool\plugins\jakarta.inject.jakarta.inject-api_1.0.5.jar
2025-04-29 09:04:50,910 [Worker-34: Launching mavenrun-87ec98d0-d614-4572-9e50-93e111ea823e] INFO  o.eclipse.m2e.core.internal.Bundles - getClasspathEntries(Bundle=jakarta.annotation-api_1.3.5 [29])
2025-04-29 09:04:50,912 [Worker-34: Launching mavenrun-87ec98d0-d614-4572-9e50-93e111ea823e] INFO  o.eclipse.m2e.core.internal.Bundles - 	Entry: C:\Users\sharm\.p2\pool\plugins\jakarta.annotation-api_1.3.5.jar
2025-04-29 09:04:50,912 [Worker-34: Launching mavenrun-87ec98d0-d614-4572-9e50-93e111ea823e] INFO  o.eclipse.m2e.core.internal.Bundles - getClasspathEntries(Bundle=org.apache.commons.cli_1.9.0 [75])
2025-04-29 09:04:50,939 [Worker-34: Launching mavenrun-87ec98d0-d614-4572-9e50-93e111ea823e] INFO  o.eclipse.m2e.core.internal.Bundles - 	Entry: C:\Users\sharm\.p2\pool\plugins\org.apache.commons.cli_1.9.0.jar
2025-04-29 09:04:50,939 [Worker-34: Launching mavenrun-87ec98d0-d614-4572-9e50-93e111ea823e] INFO  o.eclipse.m2e.core.internal.Bundles - getClasspathEntries(Bundle=org.apache.commons.commons-codec_1.16.0 [78])
2025-04-29 09:04:50,964 [Worker-34: Launching mavenrun-87ec98d0-d614-4572-9e50-93e111ea823e] INFO  o.eclipse.m2e.core.internal.Bundles - 	Entry: C:\Users\sharm\.p2\pool\plugins\org.apache.commons.commons-codec_1.16.0.jar
2025-04-29 09:04:50,964 [Worker-34: Launching mavenrun-87ec98d0-d614-4572-9e50-93e111ea823e] INFO  o.eclipse.m2e.core.internal.Bundles - getClasspathEntries(Bundle=com.google.guava.failureaccess_1.0.2 [17])
2025-04-29 09:04:50,966 [Worker-34: Launching mavenrun-87ec98d0-d614-4572-9e50-93e111ea823e] INFO  o.eclipse.m2e.core.internal.Bundles - 	Entry: C:\Users\sharm\.p2\pool\plugins\com.google.guava.failureaccess_1.0.2.jar
2025-04-29 09:04:51,193 [Worker-34: Launching mavenrun-87ec98d0-d614-4572-9e50-93e111ea823e] INFO  o.e.m.i.launch.MavenLaunchDelegate - Run build in "C:\Users\sharm\AppData\Local\Temp\m2e-archetypeGenerator17081039760160404489":
2025-04-29 09:04:51,217 [Worker-34: Launching mavenrun-87ec98d0-d614-4572-9e50-93e111ea823e] INFO  o.e.m.i.launch.MavenLaunchDelegate -  mvn  -DarchetypeGroupId=org.apache.maven.archetypes -DarchetypeArtifactId=maven-archetype-webapp -DarchetypeVersion=1.0 -DgroupId=a.b.c -DartifactId=SpringMvcProj-2 -Dversion=0.0.1-SNAPSHOT -Dpackage=a.b.c -DoutputDirectory="C:\Users\sharm\Desktop\Advance java JDBC\SpringMVC" -B -Dstyle.color=always -U archetype:generate
2025-04-29 09:05:01,546 [Worker-8: Creating maven-archetype-webapp] INFO  o.e.m.c.i.p.ProjectConfigurationManager - Collecting project info '/pom.xml' C:\Users\sharm\Desktop\Advance java JDBC\SpringMVC\SpringMvcProj-2\pom.xml
2025-04-29 09:05:02,151 [Worker-8: Creating maven-archetype-webapp] INFO  o.e.m.c.i.l.LifecycleMappingFactory - Using org.maven.ide.eclipse.wtp.WarLifecycleMapping lifecycle mapping for MavenProject: a.b.c:SpringMvcProj-2:0.0.1-SNAPSHOT @ C:\Users\sharm\Desktop\Advance java JDBC\SpringMVC\SpringMvcProj-2\pom.xml.
2025-04-29 09:05:05,016 [Worker-8: Creating maven-archetype-webapp] INFO  o.e.m.j.i.AbstractJavaProjectConfigurator - Adding source folder /SpringMvcProj-2/src/main/java
2025-04-29 09:05:05,018 [Worker-8: Creating maven-archetype-webapp] INFO  o.e.m.j.i.AbstractJavaProjectConfigurator - Adding resource folder /SpringMvcProj-2/src/main/resources
2025-04-29 09:05:05,019 [Worker-8: Creating maven-archetype-webapp] INFO  o.e.m.j.i.AbstractJavaProjectConfigurator - Adding source folder /SpringMvcProj-2/src/test/java
2025-04-29 09:05:05,021 [Worker-8: Creating maven-archetype-webapp] INFO  o.e.m.j.i.AbstractJavaProjectConfigurator - Adding resource folder /SpringMvcProj-2/src/test/resources
2025-04-29 09:05:06,114 [Worker-8: Creating maven-archetype-webapp] INFO  o.e.m.c.i.p.ProjectConfigurationManager - Imported and configured 1 project(s) in 4 sec
2025-04-29 09:05:06,796 [Worker-36: Building] WARN  o.a.m.s.f.DefaultMavenResourcesFiltering - Using platform encoding (UTF-8 actually) to copy filtered resources, i.e. build is platform dependent!
2025-04-29 09:05:06,801 [Worker-36: Building] INFO  o.a.m.s.f.DefaultMavenResourcesFiltering - Copying 0 resource from src\main\resources to target\classes
2025-04-29 09:05:06,805 [Worker-36: Building] WARN  o.a.m.s.f.DefaultMavenResourcesFiltering - Using platform encoding (UTF-8 actually) to copy filtered resources, i.e. build is platform dependent!
2025-04-29 09:05:06,806 [Worker-36: Building] INFO  o.a.m.s.f.DefaultMavenResourcesFiltering - skip non existing resourceDirectory C:\Users\sharm\Desktop\Advance java JDBC\SpringMVC\SpringMvcProj-2\src\test\resources
2025-04-29 09:05:35,832 [Worker-31: Building] WARN  o.a.m.s.f.DefaultMavenResourcesFiltering - Using platform encoding (UTF-8 actually) to copy filtered resources, i.e. build is platform dependent!
2025-04-29 09:05:35,835 [Worker-31: Building] INFO  o.a.m.s.f.DefaultMavenResourcesFiltering - Copying 0 resource from src\main\resources to target\classes
2025-04-29 09:05:35,839 [Worker-31: Building] WARN  o.a.m.s.f.DefaultMavenResourcesFiltering - Using platform encoding (UTF-8 actually) to copy filtered resources, i.e. build is platform dependent!
2025-04-29 09:05:35,840 [Worker-31: Building] INFO  o.a.m.s.f.DefaultMavenResourcesFiltering - Copying 0 resource from src\test\resources to target\test-classes
2025-04-29 09:06:13,305 [Worker-37: Building] INFO  o.e.m.c.i.l.LifecycleMappingFactory - Using org.maven.ide.eclipse.wtp.WarLifecycleMapping lifecycle mapping for MavenProject: a.b.c:SpringMvcProj-2:0.0.1-SNAPSHOT @ C:\Users\sharm\Desktop\Advance java JDBC\SpringMVC\SpringMvcProj-2\pom.xml.
2025-04-29 09:06:15,034 [Worker-37: Building] WARN  o.a.m.s.f.DefaultMavenResourcesFiltering - Using platform encoding (UTF-8 actually) to copy filtered resources, i.e. build is platform dependent!
2025-04-29 09:06:15,060 [Worker-37: Building] INFO  o.a.m.s.f.DefaultMavenResourcesFiltering - Copying 0 resource from src\main\resources to target\classes
2025-04-29 09:06:15,092 [Worker-37: Building] WARN  o.a.m.s.f.DefaultMavenResourcesFiltering - Using platform encoding (UTF-8 actually) to copy filtered resources, i.e. build is platform dependent!
2025-04-29 09:06:15,094 [Worker-37: Building] INFO  o.a.m.s.f.DefaultMavenResourcesFiltering - Copying 0 resource from src\test\resources to target\test-classes
2025-04-29 09:06:15,094 [Worker-37: Building] INFO  o.e.m.w.i.f.ResourceFilteringBuildParticipant - Changed resources require a complete clean of filtered resources of SpringMvcProj-2
2025-04-29 09:06:15,112 [Worker-37: Building] INFO  o.e.m.w.i.f.ResourceFilteringBuildParticipant - Executing resource filtering for SpringMvcProj-2
2025-04-29 09:07:00,403 [Worker-36: Building] WARN  o.a.m.s.f.DefaultMavenResourcesFiltering - Using platform encoding (UTF-8 actually) to copy filtered resources, i.e. build is platform dependent!
2025-04-29 09:07:00,406 [Worker-36: Building] INFO  o.a.m.s.f.DefaultMavenResourcesFiltering - Copying 0 resource from src\main\resources to target\classes
2025-04-29 09:07:00,414 [Worker-36: Building] WARN  o.a.m.s.f.DefaultMavenResourcesFiltering - Using platform encoding (UTF-8 actually) to copy filtered resources, i.e. build is platform dependent!
2025-04-29 09:07:00,416 [Worker-36: Building] INFO  o.a.m.s.f.DefaultMavenResourcesFiltering - Copying 0 resource from src\test\resources to target\test-classes
2025-04-29 09:07:23,738 [Worker-8: Building] WARN  o.a.m.s.f.DefaultMavenResourcesFiltering - Using platform encoding (UTF-8 actually) to copy filtered resources, i.e. build is platform dependent!
2025-04-29 09:07:23,744 [Worker-8: Building] INFO  o.a.m.s.f.DefaultMavenResourcesFiltering - Copying 0 resource from src\main\resources to target\classes
2025-04-29 09:07:23,749 [Worker-8: Building] WARN  o.a.m.s.f.DefaultMavenResourcesFiltering - Using platform encoding (UTF-8 actually) to copy filtered resources, i.e. build is platform dependent!
2025-04-29 09:07:23,751 [Worker-8: Building] INFO  o.a.m.s.f.DefaultMavenResourcesFiltering - Copying 0 resource from src\test\resources to target\test-classes
2025-04-29 09:09:35,609 [Worker-31: Building] WARN  o.a.m.s.f.DefaultMavenResourcesFiltering - Using platform encoding (UTF-8 actually) to copy filtered resources, i.e. build is platform dependent!
2025-04-29 09:09:35,613 [Worker-31: Building] INFO  o.a.m.s.f.DefaultMavenResourcesFiltering - Copying 0 resource from src\main\resources to target\classes
2025-04-29 09:09:35,616 [Worker-31: Building] WARN  o.a.m.s.f.DefaultMavenResourcesFiltering - Using platform encoding (UTF-8 actually) to copy filtered resources, i.e. build is platform dependent!
2025-04-29 09:09:35,618 [Worker-31: Building] INFO  o.a.m.s.f.DefaultMavenResourcesFiltering - Copying 0 resource from src\test\resources to target\test-classes
2025-04-29 09:10:30,065 [Worker-35: Building] WARN  o.a.m.s.f.DefaultMavenResourcesFiltering - Using platform encoding (UTF-8 actually) to copy filtered resources, i.e. build is platform dependent!
2025-04-29 09:10:30,066 [Worker-35: Building] INFO  o.a.m.s.f.DefaultMavenResourcesFiltering - Copying 0 resource from src\main\resources to target\classes
2025-04-29 09:10:30,068 [Worker-35: Building] WARN  o.a.m.s.f.DefaultMavenResourcesFiltering - Using platform encoding (UTF-8 actually) to copy filtered resources, i.e. build is platform dependent!
2025-04-29 09:10:30,069 [Worker-35: Building] INFO  o.a.m.s.f.DefaultMavenResourcesFiltering - Copying 0 resource from src\test\resources to target\test-classes
2025-04-29 09:11:54,117 [Worker-38: Building] WARN  o.a.m.s.f.DefaultMavenResourcesFiltering - Using platform encoding (UTF-8 actually) to copy filtered resources, i.e. build is platform dependent!
2025-04-29 09:11:54,120 [Worker-38: Building] INFO  o.a.m.s.f.DefaultMavenResourcesFiltering - Copying 0 resource from src\main\resources to target\classes
2025-04-29 09:11:54,124 [Worker-38: Building] WARN  o.a.m.s.f.DefaultMavenResourcesFiltering - Using platform encoding (UTF-8 actually) to copy filtered resources, i.e. build is platform dependent!
2025-04-29 09:11:54,126 [Worker-38: Building] INFO  o.a.m.s.f.DefaultMavenResourcesFiltering - Copying 0 resource from src\test\resources to target\test-classes
2025-04-29 09:12:04,475 [Worker-38: Building] WARN  o.a.m.s.f.DefaultMavenResourcesFiltering - Using platform encoding (UTF-8 actually) to copy filtered resources, i.e. build is platform dependent!
2025-04-29 09:12:04,476 [Worker-38: Building] INFO  o.a.m.s.f.DefaultMavenResourcesFiltering - Copying 0 resource from src\main\resources to target\classes
2025-04-29 09:12:04,477 [Worker-38: Building] WARN  o.a.m.s.f.DefaultMavenResourcesFiltering - Using platform encoding (UTF-8 actually) to copy filtered resources, i.e. build is platform dependent!
2025-04-29 09:12:04,479 [Worker-38: Building] INFO  o.a.m.s.f.DefaultMavenResourcesFiltering - Copying 0 resource from src\test\resources to target\test-classes
2025-04-29 09:13:02,841 [Worker-36: Building] WARN  o.a.m.s.f.DefaultMavenResourcesFiltering - Using platform encoding (UTF-8 actually) to copy filtered resources, i.e. build is platform dependent!
2025-04-29 09:13:02,842 [Worker-36: Building] INFO  o.a.m.s.f.DefaultMavenResourcesFiltering - Copying 0 resource from src\main\resources to target\classes
2025-04-29 09:13:02,843 [Worker-36: Building] WARN  o.a.m.s.f.DefaultMavenResourcesFiltering - Using platform encoding (UTF-8 actually) to copy filtered resources, i.e. build is platform dependent!
2025-04-29 09:13:02,845 [Worker-36: Building] INFO  o.a.m.s.f.DefaultMavenResourcesFiltering - Copying 0 resource from src\test\resources to target\test-classes
2025-04-29 09:15:20,759 [Worker-31: Building] WARN  o.a.m.s.f.DefaultMavenResourcesFiltering - Using platform encoding (UTF-8 actually) to copy filtered resources, i.e. build is platform dependent!
2025-04-29 09:15:20,766 [Worker-31: Building] INFO  o.a.m.s.f.DefaultMavenResourcesFiltering - Copying 0 resource from src\main\resources to target\classes
2025-04-29 09:15:20,767 [Worker-31: Building] WARN  o.a.m.s.f.DefaultMavenResourcesFiltering - Using platform encoding (UTF-8 actually) to copy filtered resources, i.e. build is platform dependent!
2025-04-29 09:15:20,769 [Worker-31: Building] INFO  o.a.m.s.f.DefaultMavenResourcesFiltering - Copying 0 resource from src\test\resources to target\test-classes
2025-04-29 09:15:55,126 [Worker-37: Building] WARN  o.a.m.s.f.DefaultMavenResourcesFiltering - Using platform encoding (UTF-8 actually) to copy filtered resources, i.e. build is platform dependent!
2025-04-29 09:15:55,128 [Worker-37: Building] INFO  o.a.m.s.f.DefaultMavenResourcesFiltering - Copying 0 resource from src\main\resources to target\classes
2025-04-29 09:15:55,129 [Worker-37: Building] WARN  o.a.m.s.f.DefaultMavenResourcesFiltering - Using platform encoding (UTF-8 actually) to copy filtered resources, i.e. build is platform dependent!
2025-04-29 09:15:55,131 [Worker-37: Building] INFO  o.a.m.s.f.DefaultMavenResourcesFiltering - Copying 0 resource from src\test\resources to target\test-classes
2025-04-29 09:17:07,200 [Worker-37: Building] WARN  o.a.m.s.f.DefaultMavenResourcesFiltering - Using platform encoding (UTF-8 actually) to copy filtered resources, i.e. build is platform dependent!
2025-04-29 09:17:07,203 [Worker-37: Building] INFO  o.a.m.s.f.DefaultMavenResourcesFiltering - Copying 0 resource from src\main\resources to target\classes
2025-04-29 09:17:07,206 [Worker-37: Building] WARN  o.a.m.s.f.DefaultMavenResourcesFiltering - Using platform encoding (UTF-8 actually) to copy filtered resources, i.e. build is platform dependent!
2025-04-29 09:17:07,208 [Worker-37: Building] INFO  o.a.m.s.f.DefaultMavenResourcesFiltering - Copying 0 resource from src\test\resources to target\test-classes
2025-04-29 09:17:43,000 [Worker-35: Building] WARN  o.a.m.s.f.DefaultMavenResourcesFiltering - Using platform encoding (UTF-8 actually) to copy filtered resources, i.e. build is platform dependent!
2025-04-29 09:17:43,001 [Worker-35: Building] INFO  o.a.m.s.f.DefaultMavenResourcesFiltering - Copying 0 resource from src\main\resources to target\classes
2025-04-29 09:17:43,005 [Worker-35: Building] WARN  o.a.m.s.f.DefaultMavenResourcesFiltering - Using platform encoding (UTF-8 actually) to copy filtered resources, i.e. build is platform dependent!
2025-04-29 09:17:43,008 [Worker-35: Building] INFO  o.a.m.s.f.DefaultMavenResourcesFiltering - Copying 0 resource from src\test\resources to target\test-classes
2025-04-29 09:17:57,857 [Worker-8: Building] WARN  o.a.m.s.f.DefaultMavenResourcesFiltering - Using platform encoding (UTF-8 actually) to copy filtered resources, i.e. build is platform dependent!
2025-04-29 09:17:57,858 [Worker-8: Building] INFO  o.a.m.s.f.DefaultMavenResourcesFiltering - Copying 0 resource from src\main\resources to target\classes
2025-04-29 09:17:57,861 [Worker-8: Building] WARN  o.a.m.s.f.DefaultMavenResourcesFiltering - Using platform encoding (UTF-8 actually) to copy filtered resources, i.e. build is platform dependent!
2025-04-29 09:17:57,862 [Worker-8: Building] INFO  o.a.m.s.f.DefaultMavenResourcesFiltering - Copying 0 resource from src\test\resources to target\test-classes
2025-04-29 09:20:36,911 [Worker-34: Building] WARN  o.a.m.s.f.DefaultMavenResourcesFiltering - Using platform encoding (UTF-8 actually) to copy filtered resources, i.e. build is platform dependent!
2025-04-29 09:20:36,916 [Worker-34: Building] INFO  o.a.m.s.f.DefaultMavenResourcesFiltering - Copying 0 resource from src\main\resources to target\classes
2025-04-29 09:20:36,918 [Worker-34: Building] WARN  o.a.m.s.f.DefaultMavenResourcesFiltering - Using platform encoding (UTF-8 actually) to copy filtered resources, i.e. build is platform dependent!
2025-04-29 09:20:36,921 [Worker-34: Building] INFO  o.a.m.s.f.DefaultMavenResourcesFiltering - Copying 0 resource from src\test\resources to target\test-classes
2025-04-29 09:21:06,660 [Worker-8: Building] WARN  o.a.m.s.f.DefaultMavenResourcesFiltering - Using platform encoding (UTF-8 actually) to copy filtered resources, i.e. build is platform dependent!
2025-04-29 09:21:06,665 [Worker-8: Building] INFO  o.a.m.s.f.DefaultMavenResourcesFiltering - Copying 0 resource from src\main\resources to target\classes
2025-04-29 09:21:06,671 [Worker-8: Building] WARN  o.a.m.s.f.DefaultMavenResourcesFiltering - Using platform encoding (UTF-8 actually) to copy filtered resources, i.e. build is platform dependent!
2025-04-29 09:21:06,676 [Worker-8: Building] INFO  o.a.m.s.f.DefaultMavenResourcesFiltering - Copying 0 resource from src\test\resources to target\test-classes
2025-04-29 09:25:20,841 [Worker-34: Building] WARN  o.a.m.s.f.DefaultMavenResourcesFiltering - Using platform encoding (UTF-8 actually) to copy filtered resources, i.e. build is platform dependent!
2025-04-29 09:25:20,848 [Worker-34: Building] INFO  o.a.m.s.f.DefaultMavenResourcesFiltering - Copying 0 resource from src\main\resources to target\classes
2025-04-29 09:25:20,854 [Worker-34: Building] WARN  o.a.m.s.f.DefaultMavenResourcesFiltering - Using platform encoding (UTF-8 actually) to copy filtered resources, i.e. build is platform dependent!
2025-04-29 09:25:20,860 [Worker-34: Building] INFO  o.a.m.s.f.DefaultMavenResourcesFiltering - Copying 0 resource from src\test\resources to target\test-classes
2025-04-29 09:28:10,204 [Worker-39: Building] WARN  o.a.m.s.f.DefaultMavenResourcesFiltering - Using platform encoding (UTF-8 actually) to copy filtered resources, i.e. build is platform dependent!
2025-04-29 09:28:10,207 [Worker-39: Building] INFO  o.a.m.s.f.DefaultMavenResourcesFiltering - Copying 0 resource from src\main\resources to target\classes
2025-04-29 09:28:10,211 [Worker-39: Building] WARN  o.a.m.s.f.DefaultMavenResourcesFiltering - Using platform encoding (UTF-8 actually) to copy filtered resources, i.e. build is platform dependent!
2025-04-29 09:28:10,213 [Worker-39: Building] INFO  o.a.m.s.f.DefaultMavenResourcesFiltering - Copying 0 resource from src\test\resources to target\test-classes
2025-04-29 09:29:48,779 [Worker-31: Building] WARN  o.a.m.s.f.DefaultMavenResourcesFiltering - Using platform encoding (UTF-8 actually) to copy filtered resources, i.e. build is platform dependent!
2025-04-29 09:29:48,782 [Worker-31: Building] INFO  o.a.m.s.f.DefaultMavenResourcesFiltering - Copying 0 resource from src\main\resources to target\classes
2025-04-29 09:29:48,786 [Worker-31: Building] WARN  o.a.m.s.f.DefaultMavenResourcesFiltering - Using platform encoding (UTF-8 actually) to copy filtered resources, i.e. build is platform dependent!
2025-04-29 09:29:48,789 [Worker-31: Building] INFO  o.a.m.s.f.DefaultMavenResourcesFiltering - Copying 0 resource from src\test\resources to target\test-classes
